<?xml version="1.0" encoding="UTF-8"?>
<testng-results ignored="0" total="1" passed="1" failed="0" skipped="0">
  <reporter-output>
    <line>
      <![CDATA[Request Ended]]>
    </line>
  </reporter-output>
  <suite started-at="2023-06-03T16:31:44 IST" name="Default suite" finished-at="2023-06-03T16:31:54 IST" duration-ms="10489">
    <groups>
    </groups>
    <test started-at="2023-06-03T16:31:44 IST" name="Default test" finished-at="2023-06-03T16:31:54 IST" duration-ms="10489">
      <class name="testscripts.CreateAndDeleteRepoTest">
        <test-method is-config="true" signature="methodConfig()[pri:0, instance:testscripts.CreateAndDeleteRepoTest@b9b00e0]" started-at="2023-06-03T16:31:44 IST" name="methodConfig" finished-at="2023-06-03T16:31:45 IST" duration-ms="1359" status="PASS">
          <reporter-output>
          </reporter-output>
        </test-method> <!-- methodConfig -->
        <test-method signature="createAndDeleteRepoTest()[pri:0, instance:testscripts.CreateAndDeleteRepoTest@b9b00e0]" started-at="2023-06-03T16:31:45 IST" name="createAndDeleteRepoTest" finished-at="2023-06-03T16:31:54 IST" duration-ms="9000" status="PASS">
          <reporter-output>
          </reporter-output>
        </test-method> <!-- createAndDeleteRepoTest -->
        <test-method is-config="true" signature="methodTearDown()[pri:0, instance:testscripts.CreateAndDeleteRepoTest@b9b00e0]" started-at="2023-06-03T16:31:54 IST" name="methodTearDown" finished-at="2023-06-03T16:31:54 IST" duration-ms="2" status="PASS">
          <reporter-output>
            <line>
              <![CDATA[Request Ended]]>
            </line>
          </reporter-output>
        </test-method> <!-- methodTearDown -->
      </class> <!-- testscripts.CreateAndDeleteRepoTest -->
    </test> <!-- Default test -->
  </suite> <!-- Default suite -->
</testng-results>
